<?xml version="1.0" encoding="UTF-8"?>
<testng-results skipped="0" failed="0" total="1" passed="1">
  <reporter-output>
  </reporter-output>
  <suite name="Suite" duration-ms="36" started-at="2021-04-23T10:27:07Z" finished-at="2021-04-23T10:27:07Z">
    <groups>
    </groups>
    <test name="Test" duration-ms="36" started-at="2021-04-23T10:27:07Z" finished-at="2021-04-23T10:27:07Z">
      <class name="myFirstPackage.MyClass">
        <test-method status="PASS" signature="myTest1()[pri:0, instance:myFirstPackage.MyClass@6fffcba5]" name="myTest1" duration-ms="13" started-at="2021-04-23T15:57:07Z" finished-at="2021-04-23T15:57:07Z">
          <reporter-output>
          </reporter-output>
        </test-method> <!-- myTest1 -->
      </class> <!-- myFirstPackage.MyClass -->
    </test> <!-- Test -->
  </suite> <!-- Suite -->
</testng-results>
